<?xml version="1.0" encoding="UTF-8"?>
<testsuite xmlns:xsi="http://www.w3.org/2001/XMLSchema-instance" xsi:noNamespaceSchemaLocation="https://maven.apache.org/surefire/maven-surefire-plugin/xsd/surefire-test-report.xsd" name="es.ull.passengers.PassengerTest" time="0" tests="6" errors="0" skipped="0" failures="0">
  <properties>
[...]
</properties>
  <testcase name="testGetName" classname="es.ull.passengers.PassengerTest" time="0"/>
  <testcase name="testGetIdentifier" classname="es.ull.passengers.PassengerTest" time="0"/>
  <testcase name="testJoinFlightWithPreviousFlight" classname="es.ull.passengers.PassengerTest" time="0"/>
  <testcase name="testJoinFlight" classname="es.ull.passengers.PassengerTest" time="0"/>
  <testcase name="testGetCountryCode" classname="es.ull.passengers.PassengerTest" time="0"/>
  <testcase name="testGetFlightInitiallyNull" classname="es.ull.passengers.PassengerTest" time="0"/>
</testsuite>